uild:Jan 21 2025
rst:0x15 (USB_UART_HPSYS),boot:0x18 (SPI_FAST_FLASH_BOOT)
Core0 Saved PC:0x420011c0

TOPPERS/ASP3 Kernel Release 3.7.2 for ESP32-C5 (Jul 16 2026, 20:38:15)
Copyright (C) 2000-2003 by Embedded and Real-Time Systems Laboratory
                            Toyohashi Univ. of Technology, JAPAN
Copyright (C) 2004-2026 by Embedded and Real-Time Systems Laboratory
                Graduate School of Informatics, Nagoya Univ., JAPAN

System logging task is started on port 1.
boot_pmu_probe: START
boot_pmu_probe: BOOTMODE=directboot
PMU+000: 00000000 ffffffff ffffffff 80000000
PMU+010: 00000000 00000000 00000000 00000000
PMU+020: 00000000 00000000 c667f180 00000000
PMU+030: 80000000 00000000 ffffffff ffffffff
PMU+040: 00000000 00000000 00000000 00000000
PMU+050: 00000000 00000000 00000000 c6678000
PMU+060: 00000000 80000000 00000000 ffffffff
PMU+070: ffffffff 00000000 00000000 00000000
PMU+080: 00000000 00000000 00000000 00000000
ESP-ROM:esp32c5-eco2-20250121
Build:Jan 21 2025
rst:0x15 (USB_UART_HPSYS),boot:0x18 (SPI_FAST_FLASH_BOOT)
Core0 Saved PC:0x420011bc

TOPPERS/ASP3 Kernel Release 3.7.2 for ESP32-C5 (Jul 16 2026, 20:38:15)
Copyright (C) 2000-2003 by Embedded and Real-Time Systems Laboratory
                            Toyohashi Univ. of Technology, JAPAN
Copyright (C) 2004-2026 by Embedded and Real-Time Systems Laboratory
                Graduate School of Informatics, Nagoya Univ., JAPAN

System logging task is started on port 1.
boot_pmu_probe: START
boot_pmu_probe: BOOTMODE=directboot
PMU+000: 00000000 ffffffff ffffffff 80000000
PMU+010: 00000000 00000000 00000000 00000000
PMU+020: 00000000 00000000 c667f180 00000000
PMU+030: 80000000 00000000 ffffffff ffffffff
PMU+040: 00000000 00000000 00000000 00000000
PMU+050: 00000000 00000000 00000000 c6678000
PMU+060: 00000000 80000000 00000000 ffffffff
PMU+070: ffffffff 00000000 00000000 00000000
PMU+080: 00000000 00000000 00000000 00000000
PMU+090: c6678000 00000000 80000000 c6600000
PMU+0a0: 00000000 00000000 00000000 40000000
PMU+0b0: 00000000 c6600000 00000000 80000000
PMU+0c0: 00000000 40000000 00000000 00000000
PMU+0d0: 00000000 00000000 00000000 00000000
PMU+0e0: 00000000 00000000 00000000 7fbfdfe0
PMU+0f0: 7fbf7e00 ffffffff 0000001c 0000001c
PMU+100: 0000001c 0000001c 0000001c 0000001c
PMU+110: ff000000 00000000 00000000 63fc0000
PMU+120: 01000100 00000000 00000000 00000000
PMU+130: 00000000 00000000 01000080 00000080
MDMSYS+000: 00000100 00201002 00000000 40000000
MDMSYS+010: 00000000 00000000 00000000 00000000
MDMSYS+020: 00002070 00000000 02410160 00000000
MDMSYS+030: 00000000 00000000 00000000 00000000
PHYDIG: 044c=08000000 0450=00000000 047c=00000000
boot_pmu_probe: DONE
